<?xml version="1.0" encoding="utf-8"?>
<test-run id="2" testcasecount="3" result="Passed" total="3" passed="3" failed="0" inconclusive="0" skipped="0" asserts="0" engine-version="3.5.0.0" clr-version="4.0.30319.42000" start-time="2026-07-05 04:26:29Z" end-time="2026-07-05 04:26:31Z" duration="1,2778343">
  <test-suite type="TestSuite" id="1000" name="cindars_hope" fullname="cindars_hope" runstate="Runnable" testcasecount="81" result="Passed" start-time="2026-07-05 04:26:29Z" end-time="2026-07-05 04:26:31Z" duration="1.277834" total="3" passed="3" failed="0" inconclusive="0" skipped="0" asserts="0">
    <properties>
      <property name="platform" value="EditMode" />
    </properties>
    <test-suite type="Assembly" id="1095" name="Assembly-CSharp-Editor.dll" fullname="F:/Projetos/Jogos/Cindars_hope/cindars_hope/Library/ScriptAssemblies/Assembly-CSharp-Editor.dll" runstate="Runnable" testcasecount="81" result="Passed" start-time="2026-07-05 04:26:29Z" end-time="2026-07-05 04:26:31Z" duration="1.272106" total="3" passed="3" failed="0" inconclusive="0" skipped="0" asserts="0">
      <properties>
        <property name="_PID" value="43072" />
        <property name="_APPDOMAIN" value="Unity Child Domain" />
        <property name="platform" value="EditMode" />
        <property name="EditorOnly" value="True" />
      </properties>
      <test-suite type="TestSuite" id="1096" name="CindarsHope" fullname="CindarsHope" runstate="Runnable" testcasecount="81" result="Passed" start-time="2026-07-05 04:26:29Z" end-time="2026-07-05 04:26:31Z" duration="1.271468" total="3" passed="3" failed="0" inconclusive="0" skipped="0" asserts="0">
        <properties />
        <test-suite type="TestSuite" id="1097" name="Tests" fullname="CindarsHope.Tests" runstate="Runnable" testcasecount="81" result="Passed" start-time="2026-07-05 04:26:29Z" end-time="2026-07-05 04:26:31Z" duration="1.271051" total="3" passed="3" failed="0" inconclusive="0" skipped="0" asserts="0">
          <properties />
          <test-suite type="TestSuite" id="1098" name="EditMode" fullname="CindarsHope.Tests.EditMode" runstate="Runnable" testcasecount="81" result="Passed" start-time="2026-07-05 04:26:29Z" end-time="2026-07-05 04:26:31Z" duration="1.270663" total="3" passed="3" failed="0" inconclusive="0" skipped="0" asserts="0">
            <properties />
            <test-suite type="TestSuite" id="1107" name="Architecture" fullname="CindarsHope.Tests.EditMode.Architecture" runstate="Runnable" testcasecount="6" result="Passed" start-time="2026-07-05 04:26:29Z" end-time="2026-07-05 04:26:31Z" duration="1.268186" total="3" passed="3" failed="0" inconclusive="0" skipped="0" asserts="0">
              <properties />
              <test-suite type="TestFixture" id="1087" name="ArchitectureRatchetTests" fullname="CindarsHope.Tests.EditMode.Architecture.ArchitectureRatchetTests" classname="CindarsHope.Tests.EditMode.Architecture.ArchitectureRatchetTests" runstate="Runnable" testcasecount="3" result="Passed" start-time="2026-07-05 04:26:29Z" end-time="2026-07-05 04:26:31Z" duration="1.267340" total="3" passed="3" failed="0" inconclusive="0" skipped="0" asserts="0">
                <properties />
                <test-case id="1090" name="CSharpSource_DoesNotHardcodeUnityPredefinedAssemblyName" fullname="CindarsHope.Tests.EditMode.Architecture.ArchitectureRatchetTests.CSharpSource_DoesNotHardcodeUnityPredefinedAssemblyName" methodname="CSharpSource_DoesNotHardcodeUnityPredefinedAssemblyName" classname="CindarsHope.Tests.EditMode.Architecture.ArchitectureRatchetTests" runstate="Runnable" seed="1836945275" result="Passed" start-time="2026-07-05 04:26:29Z" end-time="2026-07-05 04:26:30Z" duration="0.137288" asserts="0">
                  <properties>
                    <property name="retryIteration" value="0" />
                    <property name="repeatIteration" value="0" />
                  </properties>
                </test-case>
                <test-case id="1088" name="RuntimeSource_DoesNotIncreaseTrackedArchitecturalDebt" fullname="CindarsHope.Tests.EditMode.Architecture.ArchitectureRatchetTests.RuntimeSource_DoesNotIncreaseTrackedArchitecturalDebt" methodname="RuntimeSource_DoesNotIncreaseTrackedArchitecturalDebt" classname="CindarsHope.Tests.EditMode.Architecture.ArchitectureRatchetTests" runstate="Runnable" seed="1639183086" result="Passed" start-time="2026-07-05 04:26:30Z" end-time="2026-07-05 04:26:31Z" duration="1.119082" asserts="0">
                  <properties>
                    <property name="retryIteration" value="0" />
                    <property name="repeatIteration" value="0" />
                  </properties>
                </test-case>
                <test-case id="1089" name="SensitiveSerializedFiles_PreservePathsAndGuids" fullname="CindarsHope.Tests.EditMode.Architecture.ArchitectureRatchetTests.SensitiveSerializedFiles_PreservePathsAndGuids" methodname="SensitiveSerializedFiles_PreservePathsAndGuids" classname="CindarsHope.Tests.EditMode.Architecture.ArchitectureRatchetTests" runstate="Runnable" seed="340809891" result="Passed" start-time="2026-07-05 04:26:31Z" end-time="2026-07-05 04:26:31Z" duration="0.002188" asserts="0">
                  <properties>
                    <property name="retryIteration" value="0" />
                    <property name="repeatIteration" value="0" />
                  </properties>
                  <output><![CDATA[Saving results to: F:\Projetos\Jogos\Cindars_hope\cindars_hope\TestResults\modularization-phase2-csharp-architecture.xml
]]></output>
                </test-case>
              </test-suite>
            </test-suite>
          </test-suite>
        </test-suite>
      </test-suite>
    </test-suite>
  </test-suite>
</test-run>