<?xml version="1.0" encoding="utf-8"?>
<test-run id="2" testcasecount="1" result="Passed" total="1" passed="1" failed="0" inconclusive="0" skipped="0" asserts="0" engine-version="3.5.0.0" clr-version="4.0.30319.42000" start-time="2026-07-05 04:11:48Z" end-time="2026-07-05 04:11:48Z" duration="0,0344373">
  <test-suite type="TestSuite" id="1000" name="cindars_hope" fullname="cindars_hope" runstate="Runnable" testcasecount="80" result="Passed" start-time="2026-07-05 04:11:48Z" end-time="2026-07-05 04:11:48Z" duration="0.034437" total="1" passed="1" failed="0" inconclusive="0" skipped="0" asserts="0">
    <properties>
      <property name="platform" value="EditMode" />
    </properties>
    <test-suite type="Assembly" id="1094" name="Assembly-CSharp-Editor.dll" fullname="F:/Projetos/Jogos/Cindars_hope/cindars_hope/Library/ScriptAssemblies/Assembly-CSharp-Editor.dll" runstate="Runnable" testcasecount="80" result="Passed" start-time="2026-07-05 04:11:48Z" end-time="2026-07-05 04:11:48Z" duration="0.028778" total="1" passed="1" failed="0" inconclusive="0" skipped="0" asserts="0">
      <properties>
        <property name="_PID" value="46084" />
        <property name="_APPDOMAIN" value="Unity Child Domain" />
        <property name="platform" value="EditMode" />
        <property name="EditorOnly" value="True" />
      </properties>
      <test-suite type="TestSuite" id="1095" name="CindarsHope" fullname="CindarsHope" runstate="Runnable" testcasecount="80" result="Passed" start-time="2026-07-05 04:11:48Z" end-time="2026-07-05 04:11:48Z" duration="0.026269" total="1" passed="1" failed="0" inconclusive="0" skipped="0" asserts="0">
        <properties />
        <test-suite type="TestSuite" id="1096" name="Tests" fullname="CindarsHope.Tests" runstate="Runnable" testcasecount="80" result="Passed" start-time="2026-07-05 04:11:48Z" end-time="2026-07-05 04:11:48Z" duration="0.025403" total="1" passed="1" failed="0" inconclusive="0" skipped="0" asserts="0">
          <properties />
          <test-suite type="TestSuite" id="1097" name="EditMode" fullname="CindarsHope.Tests.EditMode" runstate="Runnable" testcasecount="80" result="Passed" start-time="2026-07-05 04:11:48Z" end-time="2026-07-05 04:11:48Z" duration="0.024577" total="1" passed="1" failed="0" inconclusive="0" skipped="0" asserts="0">
            <properties />
            <test-suite type="TestSuite" id="1100" name="Skills" fullname="CindarsHope.Tests.EditMode.Skills" runstate="Runnable" testcasecount="1" result="Passed" start-time="2026-07-05 04:11:48Z" end-time="2026-07-05 04:11:48Z" duration="0.023523" total="1" passed="1" failed="0" inconclusive="0" skipped="0" asserts="0">
              <properties />
              <test-suite type="TestFixture" id="1024" name="Physics2DOverlapBufferTests" fullname="CindarsHope.Tests.EditMode.Skills.Physics2DOverlapBufferTests" classname="CindarsHope.Tests.EditMode.Skills.Physics2DOverlapBufferTests" runstate="Runnable" testcasecount="1" result="Passed" start-time="2026-07-05 04:11:48Z" end-time="2026-07-05 04:11:48Z" duration="0.022765" total="1" passed="1" failed="0" inconclusive="0" skipped="0" asserts="0">
                <properties />
                <test-case id="1025" name="QueryCircle_GrowsWhenFullAndReusesExpandedCapacity" fullname="CindarsHope.Tests.EditMode.Skills.Physics2DOverlapBufferTests.QueryCircle_GrowsWhenFullAndReusesExpandedCapacity" methodname="QueryCircle_GrowsWhenFullAndReusesExpandedCapacity" classname="CindarsHope.Tests.EditMode.Skills.Physics2DOverlapBufferTests" runstate="Runnable" seed="1710625073" result="Passed" start-time="2026-07-05 04:11:48Z" end-time="2026-07-05 04:11:48Z" duration="0.014686" asserts="0">
                  <properties>
                    <property name="retryIteration" value="0" />
                    <property name="repeatIteration" value="0" />
                  </properties>
                  <output><![CDATA[Saving results to: F:\Projetos\Jogos\Cindars_hope\cindars_hope\TestResults\modularization-phase1-physics.xml
]]></output>
                </test-case>
              </test-suite>
            </test-suite>
          </test-suite>
        </test-suite>
      </test-suite>
    </test-suite>
  </test-suite>
</test-run>