<?xml version="1.0" encoding="utf-8"?>
<test-run id="2" testcasecount="81" result="Failed(Child)" total="81" passed="68" failed="13" inconclusive="0" skipped="0" asserts="0" engine-version="3.5.0.0" clr-version="4.0.30319.42000" start-time="2026-07-05 04:36:58Z" end-time="2026-07-05 04:37:00Z" duration="1,333229">
  <test-suite type="TestSuite" id="1000" name="cindars_hope" fullname="cindars_hope" runstate="Runnable" testcasecount="81" result="Failed" site="Child" start-time="2026-07-05 04:36:58Z" end-time="2026-07-05 04:37:00Z" duration="1.333229" total="81" passed="68" failed="13" inconclusive="0" skipped="0" asserts="0">
    <properties>
      <property name="platform" value="EditMode" />
    </properties>
    <failure>
      <message><![CDATA[One or more child tests had errors]]></message>
    </failure>
    <test-suite type="Assembly" id="1095" name="Assembly-CSharp-Editor.dll" fullname="F:/Projetos/Jogos/Cindars_hope/cindars_hope/Library/ScriptAssemblies/Assembly-CSharp-Editor.dll" runstate="Runnable" testcasecount="81" result="Failed" site="Child" start-time="2026-07-05 04:36:58Z" end-time="2026-07-05 04:37:00Z" duration="1.327698" total="81" passed="68" failed="13" inconclusive="0" skipped="0" asserts="0">
      <properties>
        <property name="_PID" value="48936" />
        <property name="_APPDOMAIN" value="Unity Child Domain" />
        <property name="platform" value="EditMode" />
        <property name="EditorOnly" value="True" />
      </properties>
      <failure>
        <message><![CDATA[One or more child tests had errors]]></message>
      </failure>
      <test-suite type="TestSuite" id="1096" name="CindarsHope" fullname="CindarsHope" runstate="Runnable" testcasecount="81" result="Failed" site="Child" start-time="2026-07-05 04:36:58Z" end-time="2026-07-05 04:37:00Z" duration="1.326951" total="81" passed="68" failed="13" inconclusive="0" skipped="0" asserts="0">
        <properties />
        <failure>
          <message><![CDATA[One or more child tests had errors]]></message>
        </failure>
        <test-suite type="TestSuite" id="1097" name="Tests" fullname="CindarsHope.Tests" runstate="Runnable" testcasecount="81" result="Failed" site="Child" start-time="2026-07-05 04:36:58Z" end-time="2026-07-05 04:37:00Z" duration="1.326436" total="81" passed="68" failed="13" inconclusive="0" skipped="0" asserts="0">
          <properties />
          <failure>
            <message><![CDATA[One or more child tests had errors]]></message>
          </failure>
          <test-suite type="TestSuite" id="1098" name="EditMode" fullname="CindarsHope.Tests.EditMode" runstate="Runnable" testcasecount="81" result="Failed" site="Child" start-time="2026-07-05 04:36:58Z" end-time="2026-07-05 04:37:00Z" duration="1.325909" total="81" passed="68" failed="13" inconclusive="0" skipped="0" asserts="0">
            <properties />
            <failure>
              <message><![CDATA[One or more child tests had errors]]></message>
            </failure>
            <test-suite type="TestSuite" id="1107" name="Architecture" fullname="CindarsHope.Tests.EditMode.Architecture" runstate="Runnable" testcasecount="6" result="Passed" start-time="2026-07-05 04:36:58Z" end-time="2026-07-05 04:37:00Z" duration="1.247921" total="6" passed="6" failed="0" inconclusive="0" skipped="0" asserts="0">
              <properties />
              <test-suite type="TestFixture" id="1087" name="ArchitectureRatchetTests" fullname="CindarsHope.Tests.EditMode.Architecture.ArchitectureRatchetTests" classname="CindarsHope.Tests.EditMode.Architecture.ArchitectureRatchetTests" runstate="Runnable" testcasecount="3" result="Passed" start-time="2026-07-05 04:36:58Z" end-time="2026-07-05 04:37:00Z" duration="1.244879" total="3" passed="3" failed="0" inconclusive="0" skipped="0" asserts="0">
                <properties />
                <test-case id="1090" name="CSharpSource_DoesNotHardcodeUnityPredefinedAssemblyName" fullname="CindarsHope.Tests.EditMode.Architecture.ArchitectureRatchetTests.CSharpSource_DoesNotHardcodeUnityPredefinedAssemblyName" methodname="CSharpSource_DoesNotHardcodeUnityPredefinedAssemblyName" classname="CindarsHope.Tests.EditMode.Architecture.ArchitectureRatchetTests" runstate="Runnable" seed="1304612387" result="Passed" start-time="2026-07-05 04:36:58Z" end-time="2026-07-05 04:36:58Z" duration="0.136332" asserts="0">
                  <properties>
                    <property name="retryIteration" value="0" />
                    <property name="repeatIteration" value="0" />
                  </properties>
                </test-case>
                <test-case id="1088" name="RuntimeSource_DoesNotIncreaseTrackedArchitecturalDebt" fullname="CindarsHope.Tests.EditMode.Architecture.ArchitectureRatchetTests.RuntimeSource_DoesNotIncreaseTrackedArchitecturalDebt" methodname="RuntimeSource_DoesNotIncreaseTrackedArchitecturalDebt" classname="CindarsHope.Tests.EditMode.Architecture.ArchitectureRatchetTests" runstate="Runnable" seed="1910662359" result="Passed" start-time="2026-07-05 04:36:58Z" end-time="2026-07-05 04:37:00Z" duration="1.097062" asserts="0">
                  <properties>
                    <property name="retryIteration" value="0" />
                    <property name="repeatIteration" value="0" />
                  </properties>
                </test-case>
                <test-case id="1089" name="SensitiveSerializedFiles_PreservePathsAndGuids" fullname="CindarsHope.Tests.EditMode.Architecture.ArchitectureRatchetTests.SensitiveSerializedFiles_PreservePathsAndGuids" methodname="SensitiveSerializedFiles_PreservePathsAndGuids" classname="CindarsHope.Tests.EditMode.Architecture.ArchitectureRatchetTests" runstate="Runnable" seed="1721839598" result="Passed" start-time="2026-07-05 04:37:00Z" end-time="2026-07-05 04:37:00Z" duration="0.003223" asserts="0">
                  <properties>
                    <property name="retryIteration" value="0" />
                    <property name="repeatIteration" value="0" />
                  </properties>
                </test-case>
              </test-suite>
              <test-suite type="TestFixture" id="1091" name="CSharpProjectPostprocessorTests" fullname="CindarsHope.Tests.EditMode.Architecture.CSharpProjectPostprocessorTests" classname="CindarsHope.Tests.EditMode.Architecture.CSharpProjectPostprocessorTests" runstate="Runnable" testcasecount="3" result="Passed" start-time="2026-07-05 04:37:00Z" end-time="2026-07-05 04:37:00Z" duration="0.002324" total="3" passed="3" failed="0" inconclusive="0" skipped="0" asserts="0">
                <properties />
                <test-case id="1093" name="EditorProject_AddsRuntimeAssemblyReference" fullname="CindarsHope.Tests.EditMode.Architecture.CSharpProjectPostprocessorTests.EditorProject_AddsRuntimeAssemblyReference" methodname="EditorProject_AddsRuntimeAssemblyReference" classname="CindarsHope.Tests.EditMode.Architecture.CSharpProjectPostprocessorTests" runstate="Runnable" seed="1341813457" result="Passed" start-time="2026-07-05 04:37:00Z" end-time="2026-07-05 04:37:00Z" duration="0.000692" asserts="0">
                  <properties>
                    <property name="retryIteration" value="0" />
                    <property name="repeatIteration" value="0" />
                  </properties>
                </test-case>
                <test-case id="1094" name="EditorProject_TransformationIsIdempotent" fullname="CindarsHope.Tests.EditMode.Architecture.CSharpProjectPostprocessorTests.EditorProject_TransformationIsIdempotent" methodname="EditorProject_TransformationIsIdempotent" classname="CindarsHope.Tests.EditMode.Architecture.CSharpProjectPostprocessorTests" runstate="Runnable" seed="1354467694" result="Passed" start-time="2026-07-05 04:37:00Z" end-time="2026-07-05 04:37:00Z" duration="0.000252" asserts="0">
                  <properties>
                    <property name="retryIteration" value="0" />
                    <property name="repeatIteration" value="0" />
                  </properties>
                </test-case>
                <test-case id="1092" name="NonEditorProject_ReturnsOriginalContent" fullname="CindarsHope.Tests.EditMode.Architecture.CSharpProjectPostprocessorTests.NonEditorProject_ReturnsOriginalContent" methodname="NonEditorProject_ReturnsOriginalContent" classname="CindarsHope.Tests.EditMode.Architecture.CSharpProjectPostprocessorTests" runstate="Runnable" seed="1378242214" result="Passed" start-time="2026-07-05 04:37:00Z" end-time="2026-07-05 04:37:00Z" duration="0.000077" asserts="0">
                  <properties>
                    <property name="retryIteration" value="0" />
                    <property name="repeatIteration" value="0" />
                  </properties>
                </test-case>
              </test-suite>
            </test-suite>
            <test-suite type="TestSuite" id="1106" name="City" fullname="CindarsHope.Tests.EditMode.City" runstate="Runnable" testcasecount="22" result="Failed" site="Child" start-time="2026-07-05 04:37:00Z" end-time="2026-07-05 04:37:00Z" duration="0.018243" total="22" passed="15" failed="7" inconclusive="0" skipped="0" asserts="0">
              <properties />
              <failure>
                <message><![CDATA[One or more child tests had errors]]></message>
              </failure>
              <test-suite type="TestFixture" id="1064" name="TownLayoutTests" fullname="CindarsHope.Tests.EditMode.City.TownLayoutTests" classname="CindarsHope.Tests.EditMode.City.TownLayoutTests" runstate="Runnable" testcasecount="22" result="Failed" site="Child" start-time="2026-07-05 04:37:00Z" end-time="2026-07-05 04:37:00Z" duration="0.017875" total="22" passed="15" failed="7" inconclusive="0" skipped="0" asserts="0">
                <properties />
                <failure>
                  <message><![CDATA[One or more child tests had errors]]></message>
                </failure>
                <test-case id="1081" name="BuildingLots_DoNotOverlapRoads_AndEveryDoorReachesRoad" fullname="CindarsHope.Tests.EditMode.City.TownLayoutTests.BuildingLots_DoNotOverlapRoads_AndEveryDoorReachesRoad" methodname="BuildingLots_DoNotOverlapRoads_AndEveryDoorReachesRoad" classname="CindarsHope.Tests.EditMode.City.TownLayoutTests" runstate="Runnable" seed="1459641215" result="Passed" start-time="2026-07-05 04:37:00Z" end-time="2026-07-05 04:37:00Z" duration="0.003423" asserts="0">
                  <properties>
                    <property name="retryIteration" value="0" />
                    <property name="repeatIteration" value="0" />
                  </properties>
                </test-case>
                <test-case id="1080" name="BuildingLots_HaveUniqueStableNamesAndDoNotOverlap" fullname="CindarsHope.Tests.EditMode.City.TownLayoutTests.BuildingLots_HaveUniqueStableNamesAndDoNotOverlap" methodname="BuildingLots_HaveUniqueStableNamesAndDoNotOverlap" classname="CindarsHope.Tests.EditMode.City.TownLayoutTests" runstate="Runnable" seed="451253137" result="Passed" start-time="2026-07-05 04:37:00Z" end-time="2026-07-05 04:37:00Z" duration="0.001463" asserts="0">
                  <properties>
                    <property name="retryIteration" value="0" />
                    <property name="repeatIteration" value="0" />
                  </properties>
                </test-case>
                <test-case id="1067" name="DistrictMap_AllRectanglesWithinBounds" fullname="CindarsHope.Tests.EditMode.City.TownLayoutTests.DistrictMap_AllRectanglesWithinBounds" methodname="DistrictMap_AllRectanglesWithinBounds" classname="CindarsHope.Tests.EditMode.City.TownLayoutTests" runstate="Runnable" seed="175629342" result="Passed" start-time="2026-07-05 04:37:00Z" end-time="2026-07-05 04:37:00Z" duration="0.000532" asserts="0">
                  <properties>
                    <property name="retryIteration" value="0" />
                    <property name="repeatIteration" value="0" />
                  </properties>
                </test-case>
                <test-case id="1069" name="DistrictMap_CentersDoNotOverlapOtherDistricts" fullname="CindarsHope.Tests.EditMode.City.TownLayoutTests.DistrictMap_CentersDoNotOverlapOtherDistricts" methodname="DistrictMap_CentersDoNotOverlapOtherDistricts" classname="CindarsHope.Tests.EditMode.City.TownLayoutTests" runstate="Runnable" seed="1382680999" result="Failed" start-time="2026-07-05 04:37:00Z" end-time="2026-07-05 04:37:00Z" duration="0.002068" asserts="0">
                  <properties>
                    <property name="retryIteration" value="0" />
                    <property name="repeatIteration" value="0" />
                  </properties>
                  <failure>
                    <message><![CDATA[  District 'town_hall_northeast' center lies inside district 'temple_fountain_north' — cores overlap.
  Expected: False
  But was:  True
]]></message>
                    <stack-trace><![CDATA[at CindarsHope.Tests.EditMode.City.TownLayoutTests.DistrictMap_CentersDoNotOverlapOtherDistricts () [0x00015] in F:\Projetos\Jogos\Cindars_hope\cindars_hope\Assets\_Game\Tests\EditMode\City\Editor\TownLayoutTests.cs:81
]]></stack-trace>
                  </failure>
                </test-case>
                <test-case id="1068" name="DistrictMap_ContainsAllSevenCanonicalIds" fullname="CindarsHope.Tests.EditMode.City.TownLayoutTests.DistrictMap_ContainsAllSevenCanonicalIds" methodname="DistrictMap_ContainsAllSevenCanonicalIds" classname="CindarsHope.Tests.EditMode.City.TownLayoutTests" runstate="Runnable" seed="1403073037" result="Passed" start-time="2026-07-05 04:37:00Z" end-time="2026-07-05 04:37:00Z" duration="0.000123" asserts="0">
                  <properties>
                    <property name="retryIteration" value="0" />
                    <property name="repeatIteration" value="0" />
                  </properties>
                </test-case>
                <test-case id="1066" name="DistrictMap_HasSevenDistricts" fullname="CindarsHope.Tests.EditMode.City.TownLayoutTests.DistrictMap_HasSevenDistricts" methodname="DistrictMap_HasSevenDistricts" classname="CindarsHope.Tests.EditMode.City.TownLayoutTests" runstate="Runnable" seed="672866909" result="Passed" start-time="2026-07-05 04:37:00Z" end-time="2026-07-05 04:37:00Z" duration="0.000119" asserts="0">
                  <properties>
                    <property name="retryIteration" value="0" />
                    <property name="repeatIteration" value="0" />
                  </properties>
                </test-case>
                <test-case id="1082" name="DoorFrontages_SupportAllFourDirections" fullname="CindarsHope.Tests.EditMode.City.TownLayoutTests.DoorFrontages_SupportAllFourDirections" methodname="DoorFrontages_SupportAllFourDirections" classname="CindarsHope.Tests.EditMode.City.TownLayoutTests" runstate="Runnable" seed="722747599" result="Failed" start-time="2026-07-05 04:37:00Z" end-time="2026-07-05 04:37:00Z" duration="0.002227" asserts="0">
                  <properties>
                    <property name="retryIteration" value="0" />
                    <property name="repeatIteration" value="0" />
                  </properties>
                  <failure>
                    <message><![CDATA[  Expected: equivalent to < North, South, West, East >
  But was:  < South >
]]></message>
                    <stack-trace><![CDATA[at NUnit.Framework.CollectionAssert.AreEquivalent (System.Collections.IEnumerable expected, System.Collections.IEnumerable actual, System.String message, System.Object[] args) [0x00007] in <f577cd9686154d6ab10efd7e65e64366>:0
at NUnit.Framework.CollectionAssert.AreEquivalent (System.Collections.IEnumerable expected, System.Collections.IEnumerable actual) [0x00000] in <f577cd9686154d6ab10efd7e65e64366>:0
at CindarsHope.Tests.EditMode.City.TownLayoutTests.DoorFrontages_SupportAllFourDirections () [0x0003c] in F:\Projetos\Jogos\Cindars_hope\cindars_hope\Assets\_Game\Tests\EditMode\City\Editor\TownLayoutTests.cs:263
]]></stack-trace>
                  </failure>
                </test-case>
                <test-case id="1065" name="Footprint_Is120x90" fullname="CindarsHope.Tests.EditMode.City.TownLayoutTests.Footprint_Is120x90" methodname="Footprint_Is120x90" classname="CindarsHope.Tests.EditMode.City.TownLayoutTests" runstate="Runnable" seed="1233259515" result="Passed" start-time="2026-07-05 04:37:00Z" end-time="2026-07-05 04:37:00Z" duration="0.000454" asserts="0">
                  <properties>
                    <property name="retryIteration" value="0" />
                    <property name="repeatIteration" value="0" />
                  </properties>
                </test-case>
                <test-case id="1070" name="LakeParkDistrict_LandmarksInsideDistrictAndBounds" fullname="CindarsHope.Tests.EditMode.City.TownLayoutTests.LakeParkDistrict_LandmarksInsideDistrictAndBounds" methodname="LakeParkDistrict_LandmarksInsideDistrictAndBounds" classname="CindarsHope.Tests.EditMode.City.TownLayoutTests" runstate="Runnable" seed="1214745778" result="Failed" start-time="2026-07-05 04:37:00Z" end-time="2026-07-05 04:37:00Z" duration="0.000559" asserts="0">
                  <properties>
                    <property name="retryIteration" value="0" />
                    <property name="repeatIteration" value="0" />
                  </properties>
                  <failure>
                    <message><![CDATA[  ParkBench_E at (-26.00, -18.70) is outside district 'lake_park_southwest' (x[-53,-31] y[-23,-8]).
  Expected: True
  But was:  False
]]></message>
                    <stack-trace><![CDATA[at CindarsHope.Tests.EditMode.City.TownLayoutTests.AssertInside (CindarsHope.Editor.SceneCreation.TownDistrictLayout+District d, UnityEngine.Vector3 point, System.String label) [0x00013] in F:\Projetos\Jogos\Cindars_hope\cindars_hope\Assets\_Game\Tests\EditMode\City\Editor\TownLayoutTests.cs:367
at CindarsHope.Tests.EditMode.City.TownLayoutTests.LakeParkDistrict_LandmarksInsideDistrictAndBounds () [0x00031] in F:\Projetos\Jogos\Cindars_hope\cindars_hope\Assets\_Game\Tests\EditMode\City\Editor\TownLayoutTests.cs:94
]]></stack-trace>
                  </failure>
                </test-case>
                <test-case id="1083" name="NpcPlaces_PreserveAllRoles_AndStayNearAssociatedBuildings" fullname="CindarsHope.Tests.EditMode.City.TownLayoutTests.NpcPlaces_PreserveAllRoles_AndStayNearAssociatedBuildings" methodname="NpcPlaces_PreserveAllRoles_AndStayNearAssociatedBuildings" classname="CindarsHope.Tests.EditMode.City.TownLayoutTests" runstate="Runnable" seed="870369252" result="Failed" start-time="2026-07-05 04:37:00Z" end-time="2026-07-05 04:37:00Z" duration="0.001093" asserts="0">
                  <properties>
                    <property name="retryIteration" value="0" />
                    <property name="repeatIteration" value="0" />
                  </properties>
                  <failure>
                    <message><![CDATA[  NPC npc_tovin work anchor is detached from House_Tovin.
  Expected: less than or equal to 2.0999999f
  But was:  9.09065437f
]]></message>
                    <stack-trace><![CDATA[at CindarsHope.Tests.EditMode.City.TownLayoutTests.NpcPlaces_PreserveAllRoles_AndStayNearAssociatedBuildings () [0x000f6] in F:\Projetos\Jogos\Cindars_hope\cindars_hope\Assets\_Game\Tests\EditMode\City\Editor\TownLayoutTests.cs:285
]]></stack-trace>
                  </failure>
                </test-case>
                <test-case id="1079" name="PreservationBaseline_ContainsExpectedMinimumCounts" fullname="CindarsHope.Tests.EditMode.City.TownLayoutTests.PreservationBaseline_ContainsExpectedMinimumCounts" methodname="PreservationBaseline_ContainsExpectedMinimumCounts" classname="CindarsHope.Tests.EditMode.City.TownLayoutTests" runstate="Runnable" seed="2103339761" result="Passed" start-time="2026-07-05 04:37:00Z" end-time="2026-07-05 04:37:00Z" duration="0.000173" asserts="0">
                  <properties>
                    <property name="retryIteration" value="0" />
                    <property name="repeatIteration" value="0" />
                  </properties>
                </test-case>
                <test-case id="1073" name="Reposition_IsDeterministicAndPreservesZ" fullname="CindarsHope.Tests.EditMode.City.TownLayoutTests.Reposition_IsDeterministicAndPreservesZ" methodname="Reposition_IsDeterministicAndPreservesZ" classname="CindarsHope.Tests.EditMode.City.TownLayoutTests" runstate="Runnable" seed="2087639698" result="Passed" start-time="2026-07-05 04:37:00Z" end-time="2026-07-05 04:37:00Z" duration="0.000505" asserts="0">
                  <properties>
                    <property name="retryIteration" value="0" />
                    <property name="repeatIteration" value="0" />
                  </properties>
                </test-case>
                <test-case id="1072" name="Reposition_KeepsExtremeLegacyCornersInsideBounds" fullname="CindarsHope.Tests.EditMode.City.TownLayoutTests.Reposition_KeepsExtremeLegacyCornersInsideBounds" methodname="Reposition_KeepsExtremeLegacyCornersInsideBounds" classname="CindarsHope.Tests.EditMode.City.TownLayoutTests" runstate="Runnable" seed="1680153567" result="Passed" start-time="2026-07-05 04:37:00Z" end-time="2026-07-05 04:37:00Z" duration="0.000336" asserts="0">
                  <properties>
                    <property name="retryIteration" value="0" />
                    <property name="repeatIteration" value="0" />
                  </properties>
                </test-case>
                <test-case id="1074" name="Reposition_ScalesAwayFromCenter" fullname="CindarsHope.Tests.EditMode.City.TownLayoutTests.Reposition_ScalesAwayFromCenter" methodname="Reposition_ScalesAwayFromCenter" classname="CindarsHope.Tests.EditMode.City.TownLayoutTests" runstate="Runnable" seed="1879953148" result="Passed" start-time="2026-07-05 04:37:00Z" end-time="2026-07-05 04:37:00Z" duration="0.000189" asserts="0">
                  <properties>
                    <property name="retryIteration" value="0" />
                    <property name="repeatIteration" value="0" />
                  </properties>
                </test-case>
                <test-case id="1076" name="ScheduleAnchorSuffixes_AreExactlyWorkSocialHome" fullname="CindarsHope.Tests.EditMode.City.TownLayoutTests.ScheduleAnchorSuffixes_AreExactlyWorkSocialHome" methodname="ScheduleAnchorSuffixes_AreExactlyWorkSocialHome" classname="CindarsHope.Tests.EditMode.City.TownLayoutTests" runstate="Runnable" seed="417832712" result="Passed" start-time="2026-07-05 04:37:00Z" end-time="2026-07-05 04:37:00Z" duration="0.000064" asserts="0">
                  <properties>
                    <property name="retryIteration" value="0" />
                    <property name="repeatIteration" value="0" />
                  </properties>
                </test-case>
                <test-case id="1075" name="ScheduleAnchorSuffixes_MatchRuntimeResolverConstants" fullname="CindarsHope.Tests.EditMode.City.TownLayoutTests.ScheduleAnchorSuffixes_MatchRuntimeResolverConstants" methodname="ScheduleAnchorSuffixes_MatchRuntimeResolverConstants" classname="CindarsHope.Tests.EditMode.City.TownLayoutTests" runstate="Runnable" seed="782155196" result="Passed" start-time="2026-07-05 04:37:00Z" end-time="2026-07-05 04:37:00Z" duration="0.000133" asserts="0">
                  <properties>
                    <property name="retryIteration" value="0" />
                    <property name="repeatIteration" value="0" />
                  </properties>
                </test-case>
                <test-case id="1078" name="SpawnIds_AreStableCanonicalSet" fullname="CindarsHope.Tests.EditMode.City.TownLayoutTests.SpawnIds_AreStableCanonicalSet" methodname="SpawnIds_AreStableCanonicalSet" classname="CindarsHope.Tests.EditMode.City.TownLayoutTests" runstate="Runnable" seed="1915119620" result="Passed" start-time="2026-07-05 04:37:00Z" end-time="2026-07-05 04:37:00Z" duration="0.000083" asserts="0">
                  <properties>
                    <property name="retryIteration" value="0" />
                    <property name="repeatIteration" value="0" />
                  </properties>
                </test-case>
                <test-case id="1077" name="StationaryCivicRoles_UseBusinessHoursInsteadOfWandererHours" fullname="CindarsHope.Tests.EditMode.City.TownLayoutTests.StationaryCivicRoles_UseBusinessHoursInsteadOfWandererHours" methodname="StationaryCivicRoles_UseBusinessHoursInsteadOfWandererHours" classname="CindarsHope.Tests.EditMode.City.TownLayoutTests" runstate="Runnable" seed="1583197756" result="Passed" start-time="2026-07-05 04:37:00Z" end-time="2026-07-05 04:37:00Z" duration="0.000237" asserts="0">
                  <properties>
                    <property name="retryIteration" value="0" />
                    <property name="repeatIteration" value="0" />
                  </properties>
                </test-case>
                <test-case id="1071" name="TownHallDistrict_BuildingAndMuralInsideDistrictAndBounds" fullname="CindarsHope.Tests.EditMode.City.TownLayoutTests.TownHallDistrict_BuildingAndMuralInsideDistrictAndBounds" methodname="TownHallDistrict_BuildingAndMuralInsideDistrictAndBounds" classname="CindarsHope.Tests.EditMode.City.TownLayoutTests" runstate="Runnable" seed="5645001" result="Passed" start-time="2026-07-05 04:37:00Z" end-time="2026-07-05 04:37:00Z" duration="0.000175" asserts="0">
                  <properties>
                    <property name="retryIteration" value="0" />
                    <property name="repeatIteration" value="0" />
                  </properties>
                </test-case>
                <test-case id="1086" name="V8_CirculationUsesWideAvenuesAndClearStallAprons" fullname="CindarsHope.Tests.EditMode.City.TownLayoutTests.V8_CirculationUsesWideAvenuesAndClearStallAprons" methodname="V8_CirculationUsesWideAvenuesAndClearStallAprons" classname="CindarsHope.Tests.EditMode.City.TownLayoutTests" runstate="Runnable" seed="1409002857" result="Failed" start-time="2026-07-05 04:37:00Z" end-time="2026-07-05 04:37:00Z" duration="0.000364" asserts="0">
                  <properties>
                    <property name="retryIteration" value="0" />
                    <property name="repeatIteration" value="0" />
                  </properties>
                  <failure>
                    <message><![CDATA[  road_market_ns is narrower than the v8 circulation contract.
  Expected: greater than or equal to 4.0f
  But was:  3.0f
]]></message>
                    <stack-trace><![CDATA[at CindarsHope.Tests.EditMode.City.TownLayoutTests.V8_CirculationUsesWideAvenuesAndClearStallAprons () [0x00066] in F:\Projetos\Jogos\Cindars_hope\cindars_hope\Assets\_Game\Tests\EditMode\City\Editor\TownLayoutTests.cs:343
]]></stack-trace>
                  </failure>
                </test-case>
                <test-case id="1085" name="V8_SouthResidentialRowLeavesCentralGateAvenueOpen" fullname="CindarsHope.Tests.EditMode.City.TownLayoutTests.V8_SouthResidentialRowLeavesCentralGateAvenueOpen" methodname="V8_SouthResidentialRowLeavesCentralGateAvenueOpen" classname="CindarsHope.Tests.EditMode.City.TownLayoutTests" runstate="Runnable" seed="1512875099" result="Failed" start-time="2026-07-05 04:37:00Z" end-time="2026-07-05 04:37:00Z" duration="0.001132" asserts="0">
                  <properties>
                    <property name="retryIteration" value="0" />
                    <property name="repeatIteration" value="0" />
                  </properties>
                  <failure>
                    <message><![CDATA[  House_CarvalhoTorto left the south residential row.
  Expected: -36.0d +/- 9.9999997473787516E-05d
  But was:  -35.0d
]]></message>
                    <stack-trace><![CDATA[at CindarsHope.Tests.EditMode.City.TownLayoutTests.V8_SouthResidentialRowLeavesCentralGateAvenueOpen () [0x0004f] in F:\Projetos\Jogos\Cindars_hope\cindars_hope\Assets\_Game\Tests\EditMode\City\Editor\TownLayoutTests.cs:320
]]></stack-trace>
                  </failure>
                </test-case>
                <test-case id="1084" name="V8_ZonesUseLargeSemanticBuildings" fullname="CindarsHope.Tests.EditMode.City.TownLayoutTests.V8_ZonesUseLargeSemanticBuildings" methodname="V8_ZonesUseLargeSemanticBuildings" classname="CindarsHope.Tests.EditMode.City.TownLayoutTests" runstate="Runnable" seed="612390155" result="Failed" start-time="2026-07-05 04:37:00Z" end-time="2026-07-05 04:37:00Z" duration="0.000334" asserts="0">
                  <properties>
                    <property name="retryIteration" value="0" />
                    <property name="repeatIteration" value="0" />
                  </properties>
                  <failure>
                    <message><![CDATA[  House_Temple is too shallow for the v8 reference.
  Expected: greater than or equal to 13.0f
  But was:  11.0f
]]></message>
                    <stack-trace><![CDATA[at CindarsHope.Tests.EditMode.City.TownLayoutTests.AssertLot (System.String name, CindarsHope.Editor.SceneCreation.TownBuildingArchetype archetype, System.Single minWidth, System.Single minHeight) [0x00070] in F:\Projetos\Jogos\Cindars_hope\cindars_hope\Assets\_Game\Tests\EditMode\City\Editor\TownLayoutTests.cs:361
at CindarsHope.Tests.EditMode.City.TownLayoutTests.V8_ZonesUseLargeSemanticBuildings () [0x00000] in F:\Projetos\Jogos\Cindars_hope\cindars_hope\Assets\_Game\Tests\EditMode\City\Editor\TownLayoutTests.cs:297
]]></stack-trace>
                  </failure>
                </test-case>
              </test-suite>
            </test-suite>
            <test-suite type="TestSuite" id="1105" name="Combat" fullname="CindarsHope.Tests.EditMode.Combat" runstate="Runnable" testcasecount="2" result="Passed" start-time="2026-07-05 04:37:00Z" end-time="2026-07-05 04:37:00Z" duration="0.002154" total="2" passed="2" failed="0" inconclusive="0" skipped="0" asserts="0">
              <properties />
              <test-suite type="TestFixture" id="1061" name="CombatTelemetryPhaseOneTests" fullname="CindarsHope.Tests.EditMode.Combat.CombatTelemetryPhaseOneTests" classname="CindarsHope.Tests.EditMode.Combat.CombatTelemetryPhaseOneTests" runstate="Runnable" testcasecount="2" result="Passed" start-time="2026-07-05 04:37:00Z" end-time="2026-07-05 04:37:00Z" duration="0.001920" total="2" passed="2" failed="0" inconclusive="0" skipped="0" asserts="0">
                <properties />
                <test-case id="1063" name="NormalBlockEvent_PreservesIncomingAndMitigatedDamage" fullname="CindarsHope.Tests.EditMode.Combat.CombatTelemetryPhaseOneTests.NormalBlockEvent_PreservesIncomingAndMitigatedDamage" methodname="NormalBlockEvent_PreservesIncomingAndMitigatedDamage" classname="CindarsHope.Tests.EditMode.Combat.CombatTelemetryPhaseOneTests" runstate="Runnable" seed="96085962" result="Passed" start-time="2026-07-05 04:37:00Z" end-time="2026-07-05 04:37:00Z" duration="0.000174" asserts="0">
                  <properties>
                    <property name="retryIteration" value="0" />
                    <property name="repeatIteration" value="0" />
                  </properties>
                </test-case>
                <test-case id="1062" name="RecordBlock_IncrementsSessionAndReportCounters" fullname="CindarsHope.Tests.EditMode.Combat.CombatTelemetryPhaseOneTests.RecordBlock_IncrementsSessionAndReportCounters" methodname="RecordBlock_IncrementsSessionAndReportCounters" classname="CindarsHope.Tests.EditMode.Combat.CombatTelemetryPhaseOneTests" runstate="Runnable" seed="609278096" result="Passed" start-time="2026-07-05 04:37:00Z" end-time="2026-07-05 04:37:00Z" duration="0.001373" asserts="0">
                  <properties>
                    <property name="retryIteration" value="0" />
                    <property name="repeatIteration" value="0" />
                  </properties>
                </test-case>
              </test-suite>
            </test-suite>
            <test-suite type="TestSuite" id="1104" name="Editor" fullname="CindarsHope.Tests.EditMode.Editor" runstate="Runnable" testcasecount="3" result="Failed" site="Child" start-time="2026-07-05 04:37:00Z" end-time="2026-07-05 04:37:00Z" duration="0.003927" total="3" passed="1" failed="2" inconclusive="0" skipped="0" asserts="0">
              <properties />
              <failure>
                <message><![CDATA[One or more child tests had errors]]></message>
              </failure>
              <test-suite type="TestFixture" id="1057" name="ProjectValidationRunnerTests" fullname="CindarsHope.Tests.EditMode.Editor.ProjectValidationRunnerTests" classname="CindarsHope.Tests.EditMode.Editor.ProjectValidationRunnerTests" runstate="Runnable" testcasecount="3" result="Failed" site="Child" start-time="2026-07-05 04:37:00Z" end-time="2026-07-05 04:37:00Z" duration="0.003728" total="3" passed="1" failed="2" inconclusive="0" skipped="0" asserts="0">
                <properties />
                <failure>
                  <message><![CDATA[One or more child tests had errors]]></message>
                </failure>
                <test-case id="1060" name="RunValidators_WithAtLeastOneValidator_ReturnsConfigured" fullname="CindarsHope.Tests.EditMode.Editor.ProjectValidationRunnerTests.RunValidators_WithAtLeastOneValidator_ReturnsConfigured" methodname="RunValidators_WithAtLeastOneValidator_ReturnsConfigured" classname="CindarsHope.Tests.EditMode.Editor.ProjectValidationRunnerTests" runstate="Runnable" seed="917223979" result="Passed" start-time="2026-07-05 04:37:00Z" end-time="2026-07-05 04:37:00Z" duration="0.001817" asserts="0">
                  <properties>
                    <property name="retryIteration" value="0" />
                    <property name="repeatIteration" value="0" />
                  </properties>
                  <output><![CDATA[
========== ARCHITECTURE VALIDATION SUITE ==========

========== Fake Passing Validator ==========
Total Issues: 0 (Errors: 0, Warnings: 0, Info: 0)
Status: PASS ✓
==========================================

========== SUITE SUMMARY ==========
Total Issues: 0 (Errors: 0, Warnings: 0, Info: 0)
Overall Status: PASS ✓

]]></output>
                </test-case>
                <test-case id="1058" name="RunValidators_WithNoArgs_ReturnsNotConfigured" fullname="CindarsHope.Tests.EditMode.Editor.ProjectValidationRunnerTests.RunValidators_WithNoArgs_ReturnsNotConfigured" methodname="RunValidators_WithNoArgs_ReturnsNotConfigured" classname="CindarsHope.Tests.EditMode.Editor.ProjectValidationRunnerTests" runstate="Runnable" seed="1538148181" result="Failed" start-time="2026-07-05 04:37:00Z" end-time="2026-07-05 04:37:00Z" duration="0.000990" asserts="0">
                  <properties>
                    <property name="retryIteration" value="0" />
                    <property name="repeatIteration" value="0" />
                  </properties>
                  <failure>
                    <message><![CDATA[Unhandled log message: '[Error] [ProjectValidationRunner] NOT_CONFIGURED: no validators were registered to run. This is not a PASS — zero architecture rules were checked.'. Use UnityEngine.TestTools.LogAssert.Expect]]></message>
                    <stack-trace><![CDATA[CindarsHope.EditorTools.Validation.ProjectValidationRunner:RunValidators (CindarsHope.EditorTools.Validation.IProjectValidator[]) (at Assets/_Game/Scripts/Editor/Validation/ProjectValidationRunner.cs:20)
CindarsHope.Tests.EditMode.Editor.ProjectValidationRunnerTests:RunValidators_WithNoArgs_ReturnsNotConfigured () (at Assets/_Game/Tests/EditMode/Editor/ProjectValidationRunnerTests.cs:22)
System.Reflection.MethodBase:Invoke (object,object[])
NUnit.Framework.Internal.Reflect:InvokeMethod (System.Reflection.MethodInfo,object,object[])
NUnit.Framework.Internal.MethodWrapper:Invoke (object,object[])
NUnit.Framework.Internal.Commands.TestMethodCommand:RunNonAsyncTestMethod (NUnit.Framework.Internal.ITestExecutionContext)
NUnit.Framework.Internal.Commands.TestMethodCommand:RunTestMethod (NUnit.Framework.Internal.ITestExecutionContext)
NUnit.Framework.Internal.Commands.TestMethodCommand:Execute (NUnit.Framework.Internal.ITestExecutionContext)
UnityEditor.EditorApplication:Internal_CallUpdateFunctions ()

]]></stack-trace>
                  </failure>
                  <output><![CDATA[[ProjectValidationRunner] NOT_CONFIGURED: no validators were registered to run. This is not a PASS — zero architecture rules were checked.
]]></output>
                </test-case>
                <test-case id="1059" name="RunValidators_WithNullArgs_ReturnsNotConfigured" fullname="CindarsHope.Tests.EditMode.Editor.ProjectValidationRunnerTests.RunValidators_WithNullArgs_ReturnsNotConfigured" methodname="RunValidators_WithNullArgs_ReturnsNotConfigured" classname="CindarsHope.Tests.EditMode.Editor.ProjectValidationRunnerTests" runstate="Runnable" seed="763401075" result="Failed" start-time="2026-07-05 04:37:00Z" end-time="2026-07-05 04:37:00Z" duration="0.000463" asserts="0">
                  <properties>
                    <property name="retryIteration" value="0" />
                    <property name="repeatIteration" value="0" />
                  </properties>
                  <failure>
                    <message><![CDATA[Unhandled log message: '[Error] [ProjectValidationRunner] NOT_CONFIGURED: no validators were registered to run. This is not a PASS — zero architecture rules were checked.'. Use UnityEngine.TestTools.LogAssert.Expect]]></message>
                    <stack-trace><![CDATA[CindarsHope.EditorTools.Validation.ProjectValidationRunner:RunValidators (CindarsHope.EditorTools.Validation.IProjectValidator[]) (at Assets/_Game/Scripts/Editor/Validation/ProjectValidationRunner.cs:20)
CindarsHope.Tests.EditMode.Editor.ProjectValidationRunnerTests:RunValidators_WithNullArgs_ReturnsNotConfigured () (at Assets/_Game/Tests/EditMode/Editor/ProjectValidationRunnerTests.cs:31)
System.Reflection.MethodBase:Invoke (object,object[])
NUnit.Framework.Internal.Reflect:InvokeMethod (System.Reflection.MethodInfo,object,object[])
NUnit.Framework.Internal.MethodWrapper:Invoke (object,object[])
NUnit.Framework.Internal.Commands.TestMethodCommand:RunNonAsyncTestMethod (NUnit.Framework.Internal.ITestExecutionContext)
NUnit.Framework.Internal.Commands.TestMethodCommand:RunTestMethod (NUnit.Framework.Internal.ITestExecutionContext)
NUnit.Framework.Internal.Commands.TestMethodCommand:Execute (NUnit.Framework.Internal.ITestExecutionContext)
UnityEditor.EditorApplication:Internal_CallUpdateFunctions ()

]]></stack-trace>
                  </failure>
                  <output><![CDATA[[ProjectValidationRunner] NOT_CONFIGURED: no validators were registered to run. This is not a PASS — zero architecture rules were checked.
]]></output>
                </test-case>
              </test-suite>
            </test-suite>
            <test-suite type="TestSuite" id="1103" name="Items" fullname="CindarsHope.Tests.EditMode.Items" runstate="Runnable" testcasecount="21" result="Failed" site="Child" start-time="2026-07-05 04:37:00Z" end-time="2026-07-05 04:37:00Z" duration="0.019131" total="21" passed="17" failed="4" inconclusive="0" skipped="0" asserts="0">
              <properties />
              <failure>
                <message><![CDATA[One or more child tests had errors]]></message>
              </failure>
              <test-suite type="TestFixture" id="1034" name="BowAmmoCatalogTests" fullname="CindarsHope.Tests.EditMode.Items.BowAmmoCatalogTests" classname="CindarsHope.Tests.EditMode.Items.BowAmmoCatalogTests" runstate="Runnable" testcasecount="2" result="Failed" site="Child" start-time="2026-07-05 04:37:00Z" end-time="2026-07-05 04:37:00Z" duration="0.007031" total="2" passed="1" failed="1" inconclusive="0" skipped="0" asserts="0">
                <properties />
                <failure>
                  <message><![CDATA[One or more child tests had errors]]></message>
                </failure>
                <test-case id="1035" name="Catalog_AllSixArrowsExistWithCanonicalBaseValues" fullname="CindarsHope.Tests.EditMode.Items.BowAmmoCatalogTests.Catalog_AllSixArrowsExistWithCanonicalBaseValues" methodname="Catalog_AllSixArrowsExistWithCanonicalBaseValues" classname="CindarsHope.Tests.EditMode.Items.BowAmmoCatalogTests" runstate="Runnable" seed="1594488204" result="Passed" start-time="2026-07-05 04:37:00Z" end-time="2026-07-05 04:37:00Z" duration="0.004291" asserts="0">
                  <properties>
                    <property name="retryIteration" value="0" />
                    <property name="repeatIteration" value="0" />
                  </properties>
                </test-case>
                <test-case id="1036" name="Catalog_ResolverCoversExactlyTheSixCatalogArrows" fullname="CindarsHope.Tests.EditMode.Items.BowAmmoCatalogTests.Catalog_ResolverCoversExactlyTheSixCatalogArrows" methodname="Catalog_ResolverCoversExactlyTheSixCatalogArrows" classname="CindarsHope.Tests.EditMode.Items.BowAmmoCatalogTests" runstate="Runnable" seed="844739942" result="Failed" start-time="2026-07-05 04:37:00Z" end-time="2026-07-05 04:37:00Z" duration="0.002338" asserts="0">
                  <properties>
                    <property name="retryIteration" value="0" />
                    <property name="repeatIteration" value="0" />
                  </properties>
                  <failure>
                    <message><![CDATA[  CA-5: o resolver cobre exatamente os 6 itens de munição do catálogo (sem sobra/falta).
  Expected is <System.Collections.Generic.List`1[System.String]> with 7 elements, actual is <System.Collections.Generic.List`1[System.String]> with 6 elements
  Values differ at index [0]
  Expected string length 21 but was 20. Strings differ at index 16.
  Expected: "item_ammo_arrow_basic"
  But was:  "item_ammo_arrow_fire"
  ---------------------------^
]]></message>
                    <stack-trace><![CDATA[at NUnit.Framework.CollectionAssert.AreEqual (System.Collections.IEnumerable expected, System.Collections.IEnumerable actual, System.String message, System.Object[] args) [0x00007] in <f577cd9686154d6ab10efd7e65e64366>:0
at CindarsHope.Tests.EditMode.Items.BowAmmoCatalogTests.Catalog_ResolverCoversExactlyTheSixCatalogArrows () [0x000a5] in F:\Projetos\Jogos\Cindars_hope\cindars_hope\Assets\_Game\Tests\EditMode\Items\Editor\BowAmmoCatalogTests.cs:57
]]></stack-trace>
                  </failure>
                </test-case>
              </test-suite>
              <test-suite type="TestFixture" id="1037" name="ItemCatalogDataTests" fullname="CindarsHope.Tests.EditMode.Items.ItemCatalogDataTests" classname="CindarsHope.Tests.EditMode.Items.ItemCatalogDataTests" runstate="Runnable" testcasecount="19" result="Failed" site="Child" start-time="2026-07-05 04:37:00Z" end-time="2026-07-05 04:37:00Z" duration="0.010343" total="19" passed="16" failed="3" inconclusive="0" skipped="0" asserts="0">
                <properties />
                <failure>
                  <message><![CDATA[One or more child tests had errors]]></message>
                </failure>
                <test-case id="1049" name="BaseCatalog_CountIsPinned_AndAtLeastDocumentedFloor" fullname="CindarsHope.Tests.EditMode.Items.ItemCatalogDataTests.BaseCatalog_CountIsPinned_AndAtLeastDocumentedFloor" methodname="BaseCatalog_CountIsPinned_AndAtLeastDocumentedFloor" classname="CindarsHope.Tests.EditMode.Items.ItemCatalogDataTests" runstate="Runnable" seed="1028695177" result="Failed" start-time="2026-07-05 04:37:00Z" end-time="2026-07-05 04:37:00Z" duration="0.000289" asserts="0">
                  <properties>
                    <property name="retryIteration" value="0" />
                    <property name="repeatIteration" value="0" />
                  </properties>
                  <failure>
                    <message><![CDATA[  Base catalog row count drifted; was 213.
  Expected: 207
  But was:  213
]]></message>
                    <stack-trace><![CDATA[at CindarsHope.Tests.EditMode.Items.ItemCatalogDataTests.BaseCatalog_CountIsPinned_AndAtLeastDocumentedFloor () [0x00028] in F:\Projetos\Jogos\Cindars_hope\cindars_hope\Assets\_Game\Tests\EditMode\Items\Editor\ItemCatalogDataTests.cs:197
]]></stack-trace>
                  </failure>
                </test-case>
                <test-case id="1047" name="Catalog_IsDeterministic" fullname="CindarsHope.Tests.EditMode.Items.ItemCatalogDataTests.Catalog_IsDeterministic" methodname="Catalog_IsDeterministic" classname="CindarsHope.Tests.EditMode.Items.ItemCatalogDataTests" runstate="Runnable" seed="537328280" result="Passed" start-time="2026-07-05 04:37:00Z" end-time="2026-07-05 04:37:00Z" duration="0.000651" asserts="0">
                  <properties>
                    <property name="retryIteration" value="0" />
                    <property name="repeatIteration" value="0" />
                  </properties>
                </test-case>
                <test-case id="1056" name="DormantItems_AreFlaggedWithNotes" fullname="CindarsHope.Tests.EditMode.Items.ItemCatalogDataTests.DormantItems_AreFlaggedWithNotes" methodname="DormantItems_AreFlaggedWithNotes" classname="CindarsHope.Tests.EditMode.Items.ItemCatalogDataTests" runstate="Runnable" seed="108950652" result="Passed" start-time="2026-07-05 04:37:00Z" end-time="2026-07-05 04:37:00Z" duration="0.000353" asserts="0">
                  <properties>
                    <property name="retryIteration" value="0" />
                    <property name="repeatIteration" value="0" />
                  </properties>
                </test-case>
                <test-case id="1044" name="Essences_AreExactlySix" fullname="CindarsHope.Tests.EditMode.Items.ItemCatalogDataTests.Essences_AreExactlySix" methodname="Essences_AreExactlySix" classname="CindarsHope.Tests.EditMode.Items.ItemCatalogDataTests" runstate="Runnable" seed="156841384" result="Passed" start-time="2026-07-05 04:37:00Z" end-time="2026-07-05 04:37:00Z" duration="0.000322" asserts="0">
                  <properties>
                    <property name="retryIteration" value="0" />
                    <property name="repeatIteration" value="0" />
                  </properties>
                </test-case>
                <test-case id="1039" name="EveryItem_HasCategoryPrefixedId_AndName" fullname="CindarsHope.Tests.EditMode.Items.ItemCatalogDataTests.EveryItem_HasCategoryPrefixedId_AndName" methodname="EveryItem_HasCategoryPrefixedId_AndName" classname="CindarsHope.Tests.EditMode.Items.ItemCatalogDataTests" runstate="Runnable" seed="985920295" result="Passed" start-time="2026-07-05 04:37:00Z" end-time="2026-07-05 04:37:00Z" duration="0.000498" asserts="0">
                  <properties>
                    <property name="retryIteration" value="0" />
                    <property name="repeatIteration" value="0" />
                  </properties>
                </test-case>
                <test-case id="1050" name="ExpandedCatalog_CountIsPinned" fullname="CindarsHope.Tests.EditMode.Items.ItemCatalogDataTests.ExpandedCatalog_CountIsPinned" methodname="ExpandedCatalog_CountIsPinned" classname="CindarsHope.Tests.EditMode.Items.ItemCatalogDataTests" runstate="Runnable" seed="962546858" result="Failed" start-time="2026-07-05 04:37:00Z" end-time="2026-07-05 04:37:00Z" duration="0.000213" asserts="0">
                  <properties>
                    <property name="retryIteration" value="0" />
                    <property name="repeatIteration" value="0" />
                  </properties>
                  <failure>
                    <message><![CDATA[  Expanded catalog (base + quality variants) row count drifted.
  Expected: 239
  But was:  245
]]></message>
                    <stack-trace><![CDATA[at CindarsHope.Tests.EditMode.Items.ItemCatalogDataTests.ExpandedCatalog_CountIsPinned () [0x00000] in F:\Projetos\Jogos\Cindars_hope\cindars_hope\Assets\_Game\Tests\EditMode\Items\Editor\ItemCatalogDataTests.cs:203
]]></stack-trace>
                  </failure>
                </test-case>
                <test-case id="1038" name="ExpandedItemIds_AreUnique" fullname="CindarsHope.Tests.EditMode.Items.ItemCatalogDataTests.ExpandedItemIds_AreUnique" methodname="ExpandedItemIds_AreUnique" classname="CindarsHope.Tests.EditMode.Items.ItemCatalogDataTests" runstate="Runnable" seed="1957906830" result="Passed" start-time="2026-07-05 04:37:00Z" end-time="2026-07-05 04:37:00Z" duration="0.001131" asserts="0">
                  <properties>
                    <property name="retryIteration" value="0" />
                    <property name="repeatIteration" value="0" />
                  </properties>
                </test-case>
                <test-case id="1043" name="GoldMultiplier_IsTwoPointZero_NotTwoPointTwo" fullname="CindarsHope.Tests.EditMode.Items.ItemCatalogDataTests.GoldMultiplier_IsTwoPointZero_NotTwoPointTwo" methodname="GoldMultiplier_IsTwoPointZero_NotTwoPointTwo" classname="CindarsHope.Tests.EditMode.Items.ItemCatalogDataTests" runstate="Runnable" seed="535666981" result="Passed" start-time="2026-07-05 04:37:00Z" end-time="2026-07-05 04:37:00Z" duration="0.000332" asserts="0">
                  <properties>
                    <property name="retryIteration" value="0" />
                    <property name="repeatIteration" value="0" />
                  </properties>
                </test-case>
                <test-case id="1048" name="GroupCounts_MatchCanonicalCatalog" fullname="CindarsHope.Tests.EditMode.Items.ItemCatalogDataTests.GroupCounts_MatchCanonicalCatalog" methodname="GroupCounts_MatchCanonicalCatalog" classname="CindarsHope.Tests.EditMode.Items.ItemCatalogDataTests" runstate="Runnable" seed="813361399" result="Failed" start-time="2026-07-05 04:37:00Z" end-time="2026-07-05 04:37:00Z" duration="0.000475" asserts="0">
                  <properties>
                    <property name="retryIteration" value="0" />
                    <property name="repeatIteration" value="0" />
                  </properties>
                  <failure>
                    <message><![CDATA[  6 arrows (§8).
  Expected: 6
  But was:  7
]]></message>
                    <stack-trace><![CDATA[at CindarsHope.Tests.EditMode.Items.ItemCatalogDataTests.GroupCounts_MatchCanonicalCatalog () [0x00105] in F:\Projetos\Jogos\Cindars_hope\cindars_hope\Assets\_Game\Tests\EditMode\Items\Editor\ItemCatalogDataTests.cs:176
]]></stack-trace>
                  </failure>
                </test-case>
                <test-case id="1053" name="ItemCategory_LegacyValues_AreStable" fullname="CindarsHope.Tests.EditMode.Items.ItemCatalogDataTests.ItemCategory_LegacyValues_AreStable" methodname="ItemCategory_LegacyValues_AreStable" classname="CindarsHope.Tests.EditMode.Items.ItemCatalogDataTests" runstate="Runnable" seed="1757038379" result="Passed" start-time="2026-07-05 04:37:00Z" end-time="2026-07-05 04:37:00Z" duration="0.000109" asserts="0">
                  <properties>
                    <property name="retryIteration" value="0" />
                    <property name="repeatIteration" value="0" />
                  </properties>
                </test-case>
                <test-case id="1054" name="ItemCategory_NewMembers_HaveExplicitHighValues" fullname="CindarsHope.Tests.EditMode.Items.ItemCatalogDataTests.ItemCategory_NewMembers_HaveExplicitHighValues" methodname="ItemCategory_NewMembers_HaveExplicitHighValues" classname="CindarsHope.Tests.EditMode.Items.ItemCatalogDataTests" runstate="Runnable" seed="2113927099" result="Passed" start-time="2026-07-05 04:37:00Z" end-time="2026-07-05 04:37:00Z" duration="0.000082" asserts="0">
                  <properties>
                    <property name="retryIteration" value="0" />
                    <property name="repeatIteration" value="0" />
                  </properties>
                </test-case>
                <test-case id="1041" name="NonSellableItems_AreAllowedToBeZeroOrSpecial" fullname="CindarsHope.Tests.EditMode.Items.ItemCatalogDataTests.NonSellableItems_AreAllowedToBeZeroOrSpecial" methodname="NonSellableItems_AreAllowedToBeZeroOrSpecial" classname="CindarsHope.Tests.EditMode.Items.ItemCatalogDataTests" runstate="Runnable" seed="2124566032" result="Passed" start-time="2026-07-05 04:37:00Z" end-time="2026-07-05 04:37:00Z" duration="0.000320" asserts="0">
                  <properties>
                    <property name="retryIteration" value="0" />
                    <property name="repeatIteration" value="0" />
                  </properties>
                </test-case>
                <test-case id="1042" name="QualityVariants_UseCorrectMultipliers" fullname="CindarsHope.Tests.EditMode.Items.ItemCatalogDataTests.QualityVariants_UseCorrectMultipliers" methodname="QualityVariants_UseCorrectMultipliers" classname="CindarsHope.Tests.EditMode.Items.ItemCatalogDataTests" runstate="Runnable" seed="834436162" result="Passed" start-time="2026-07-05 04:37:00Z" end-time="2026-07-05 04:37:00Z" duration="0.000713" asserts="0">
                  <properties>
                    <property name="retryIteration" value="0" />
                    <property name="repeatIteration" value="0" />
                  </properties>
                </test-case>
                <test-case id="1046" name="RecipeIds_AreUnique" fullname="CindarsHope.Tests.EditMode.Items.ItemCatalogDataTests.RecipeIds_AreUnique" methodname="RecipeIds_AreUnique" classname="CindarsHope.Tests.EditMode.Items.ItemCatalogDataTests" runstate="Runnable" seed="1858704177" result="Passed" start-time="2026-07-05 04:37:00Z" end-time="2026-07-05 04:37:00Z" duration="0.001801" asserts="0">
                  <properties>
                    <property name="retryIteration" value="0" />
                    <property name="repeatIteration" value="0" />
                  </properties>
                </test-case>
                <test-case id="1045" name="RecipeIngredientsAndOutputs_ResolveToCatalogItems" fullname="CindarsHope.Tests.EditMode.Items.ItemCatalogDataTests.RecipeIngredientsAndOutputs_ResolveToCatalogItems" methodname="RecipeIngredientsAndOutputs_ResolveToCatalogItems" classname="CindarsHope.Tests.EditMode.Items.ItemCatalogDataTests" runstate="Runnable" seed="1151038552" result="Passed" start-time="2026-07-05 04:37:00Z" end-time="2026-07-05 04:37:00Z" duration="0.000807" asserts="0">
                  <properties>
                    <property name="retryIteration" value="0" />
                    <property name="repeatIteration" value="0" />
                  </properties>
                </test-case>
                <test-case id="1040" name="SellableItems_HavePositiveBaseValue" fullname="CindarsHope.Tests.EditMode.Items.ItemCatalogDataTests.SellableItems_HavePositiveBaseValue" methodname="SellableItems_HavePositiveBaseValue" classname="CindarsHope.Tests.EditMode.Items.ItemCatalogDataTests" runstate="Runnable" seed="79545438" result="Passed" start-time="2026-07-05 04:37:00Z" end-time="2026-07-05 04:37:00Z" duration="0.000242" asserts="0">
                  <properties>
                    <property name="retryIteration" value="0" />
                    <property name="repeatIteration" value="0" />
                  </properties>
                </test-case>
                <test-case id="1055" name="Tool_IsNotDuplicatedAcrossEnums" fullname="CindarsHope.Tests.EditMode.Items.ItemCatalogDataTests.Tool_IsNotDuplicatedAcrossEnums" methodname="Tool_IsNotDuplicatedAcrossEnums" classname="CindarsHope.Tests.EditMode.Items.ItemCatalogDataTests" runstate="Runnable" seed="1151960275" result="Passed" start-time="2026-07-05 04:37:00Z" end-time="2026-07-05 04:37:00Z" duration="0.000079" asserts="0">
                  <properties>
                    <property name="retryIteration" value="0" />
                    <property name="repeatIteration" value="0" />
                  </properties>
                </test-case>
                <test-case id="1051" name="WeaponType_LegacyOrdinals_AreStable" fullname="CindarsHope.Tests.EditMode.Items.ItemCatalogDataTests.WeaponType_LegacyOrdinals_AreStable" methodname="WeaponType_LegacyOrdinals_AreStable" classname="CindarsHope.Tests.EditMode.Items.ItemCatalogDataTests" runstate="Runnable" seed="1294097578" result="Passed" start-time="2026-07-05 04:37:00Z" end-time="2026-07-05 04:37:00Z" duration="0.000086" asserts="0">
                  <properties>
                    <property name="retryIteration" value="0" />
                    <property name="repeatIteration" value="0" />
                  </properties>
                </test-case>
                <test-case id="1052" name="WeaponType_NewMembers_HaveExplicitHighValues" fullname="CindarsHope.Tests.EditMode.Items.ItemCatalogDataTests.WeaponType_NewMembers_HaveExplicitHighValues" methodname="WeaponType_NewMembers_HaveExplicitHighValues" classname="CindarsHope.Tests.EditMode.Items.ItemCatalogDataTests" runstate="Runnable" seed="2090945016" result="Passed" start-time="2026-07-05 04:37:00Z" end-time="2026-07-05 04:37:00Z" duration="0.000056" asserts="0">
                  <properties>
                    <property name="retryIteration" value="0" />
                    <property name="repeatIteration" value="0" />
                  </properties>
                </test-case>
              </test-suite>
            </test-suite>
            <test-suite type="TestSuite" id="1102" name="Save" fullname="CindarsHope.Tests.EditMode.Save" runstate="Runnable" testcasecount="6" result="Passed" start-time="2026-07-05 04:37:00Z" end-time="2026-07-05 04:37:00Z" duration="0.016274" total="6" passed="6" failed="0" inconclusive="0" skipped="0" asserts="0">
              <properties />
              <test-suite type="TestFixture" id="1026" name="SaveCompatibilityFixtureTests" fullname="CindarsHope.Tests.EditMode.Save.SaveCompatibilityFixtureTests" classname="CindarsHope.Tests.EditMode.Save.SaveCompatibilityFixtureTests" runstate="Runnable" testcasecount="6" result="Passed" start-time="2026-07-05 04:37:00Z" end-time="2026-07-05 04:37:00Z" duration="0.016006" total="6" passed="6" failed="0" inconclusive="0" skipped="0" asserts="0">
                <properties />
                <test-case id="1033" name="CurrentFixture_RoundTripsWithoutMigration" fullname="CindarsHope.Tests.EditMode.Save.SaveCompatibilityFixtureTests.CurrentFixture_RoundTripsWithoutMigration" methodname="CurrentFixture_RoundTripsWithoutMigration" classname="CindarsHope.Tests.EditMode.Save.SaveCompatibilityFixtureTests" runstate="Runnable" seed="1531949740" result="Passed" start-time="2026-07-05 04:37:00Z" end-time="2026-07-05 04:37:00Z" duration="0.005697" asserts="0">
                  <properties>
                    <property name="retryIteration" value="0" />
                    <property name="repeatIteration" value="0" />
                  </properties>
                </test-case>
                <test-suite type="ParameterizedMethod" id="1031" name="LegacyFixture_MigratesToCurrentSchemaAndRoundTrips" fullname="CindarsHope.Tests.EditMode.Save.SaveCompatibilityFixtureTests.LegacyFixture_MigratesToCurrentSchemaAndRoundTrips" classname="CindarsHope.Tests.EditMode.Save.SaveCompatibilityFixtureTests" runstate="Runnable" testcasecount="4" result="Passed" start-time="2026-07-05 04:37:00Z" end-time="2026-07-05 04:37:00Z" duration="0.006711" total="4" passed="4" failed="0" inconclusive="0" skipped="0" asserts="0">
                  <properties />
                  <test-case id="1027" name="LegacyFixture_MigratesToCurrentSchemaAndRoundTrips(1)" fullname="CindarsHope.Tests.EditMode.Save.SaveCompatibilityFixtureTests.LegacyFixture_MigratesToCurrentSchemaAndRoundTrips(1)" methodname="LegacyFixture_MigratesToCurrentSchemaAndRoundTrips" classname="CindarsHope.Tests.EditMode.Save.SaveCompatibilityFixtureTests" runstate="Runnable" seed="257710178" result="Passed" start-time="2026-07-05 04:37:00Z" end-time="2026-07-05 04:37:00Z" duration="0.003974" asserts="0">
                    <properties>
                      <property name="retryIteration" value="0" />
                      <property name="repeatIteration" value="0" />
                    </properties>
                  </test-case>
                  <test-case id="1028" name="LegacyFixture_MigratesToCurrentSchemaAndRoundTrips(2)" fullname="CindarsHope.Tests.EditMode.Save.SaveCompatibilityFixtureTests.LegacyFixture_MigratesToCurrentSchemaAndRoundTrips(2)" methodname="LegacyFixture_MigratesToCurrentSchemaAndRoundTrips" classname="CindarsHope.Tests.EditMode.Save.SaveCompatibilityFixtureTests" runstate="Runnable" seed="1902623785" result="Passed" start-time="2026-07-05 04:37:00Z" end-time="2026-07-05 04:37:00Z" duration="0.000868" asserts="0">
                    <properties>
                      <property name="retryIteration" value="0" />
                      <property name="repeatIteration" value="0" />
                    </properties>
                  </test-case>
                  <test-case id="1029" name="LegacyFixture_MigratesToCurrentSchemaAndRoundTrips(3)" fullname="CindarsHope.Tests.EditMode.Save.SaveCompatibilityFixtureTests.LegacyFixture_MigratesToCurrentSchemaAndRoundTrips(3)" methodname="LegacyFixture_MigratesToCurrentSchemaAndRoundTrips" classname="CindarsHope.Tests.EditMode.Save.SaveCompatibilityFixtureTests" runstate="Runnable" seed="1647474836" result="Passed" start-time="2026-07-05 04:37:00Z" end-time="2026-07-05 04:37:00Z" duration="0.000701" asserts="0">
                    <properties>
                      <property name="retryIteration" value="0" />
                      <property name="repeatIteration" value="0" />
                    </properties>
                  </test-case>
                  <test-case id="1030" name="LegacyFixture_MigratesToCurrentSchemaAndRoundTrips(4)" fullname="CindarsHope.Tests.EditMode.Save.SaveCompatibilityFixtureTests.LegacyFixture_MigratesToCurrentSchemaAndRoundTrips(4)" methodname="LegacyFixture_MigratesToCurrentSchemaAndRoundTrips" classname="CindarsHope.Tests.EditMode.Save.SaveCompatibilityFixtureTests" runstate="Runnable" seed="473639389" result="Passed" start-time="2026-07-05 04:37:00Z" end-time="2026-07-05 04:37:00Z" duration="0.000523" asserts="0">
                    <properties>
                      <property name="retryIteration" value="0" />
                      <property name="repeatIteration" value="0" />
                    </properties>
                  </test-case>
                </test-suite>
                <test-case id="1032" name="VersionOneFixture_PreservesLegacyInventoryAmountAcrossSlotMigration" fullname="CindarsHope.Tests.EditMode.Save.SaveCompatibilityFixtureTests.VersionOneFixture_PreservesLegacyInventoryAmountAcrossSlotMigration" methodname="VersionOneFixture_PreservesLegacyInventoryAmountAcrossSlotMigration" classname="CindarsHope.Tests.EditMode.Save.SaveCompatibilityFixtureTests" runstate="Runnable" seed="1676459526" result="Passed" start-time="2026-07-05 04:37:00Z" end-time="2026-07-05 04:37:00Z" duration="0.003015" asserts="0">
                  <properties>
                    <property name="retryIteration" value="0" />
                    <property name="repeatIteration" value="0" />
                  </properties>
                </test-case>
              </test-suite>
            </test-suite>
            <test-suite type="TestSuite" id="1101" name="Skills" fullname="CindarsHope.Tests.EditMode.Skills" runstate="Runnable" testcasecount="1" result="Passed" start-time="2026-07-05 04:37:00Z" end-time="2026-07-05 04:37:00Z" duration="0.004238" total="1" passed="1" failed="0" inconclusive="0" skipped="0" asserts="0">
              <properties />
              <test-suite type="TestFixture" id="1024" name="Physics2DOverlapBufferTests" fullname="CindarsHope.Tests.EditMode.Skills.Physics2DOverlapBufferTests" classname="CindarsHope.Tests.EditMode.Skills.Physics2DOverlapBufferTests" runstate="Runnable" testcasecount="1" result="Passed" start-time="2026-07-05 04:37:00Z" end-time="2026-07-05 04:37:00Z" duration="0.003987" total="1" passed="1" failed="0" inconclusive="0" skipped="0" asserts="0">
                <properties />
                <test-case id="1025" name="QueryCircle_GrowsWhenFullAndReusesExpandedCapacity" fullname="CindarsHope.Tests.EditMode.Skills.Physics2DOverlapBufferTests.QueryCircle_GrowsWhenFullAndReusesExpandedCapacity" methodname="QueryCircle_GrowsWhenFullAndReusesExpandedCapacity" classname="CindarsHope.Tests.EditMode.Skills.Physics2DOverlapBufferTests" runstate="Runnable" seed="1125440227" result="Passed" start-time="2026-07-05 04:37:00Z" end-time="2026-07-05 04:37:00Z" duration="0.003238" asserts="0">
                  <properties>
                    <property name="retryIteration" value="0" />
                    <property name="repeatIteration" value="0" />
                  </properties>
                </test-case>
              </test-suite>
            </test-suite>
            <test-suite type="TestSuite" id="1100" name="Tooling" fullname="CindarsHope.Tests.EditMode.Tooling" runstate="Runnable" testcasecount="17" result="Passed" start-time="2026-07-05 04:37:00Z" end-time="2026-07-05 04:37:00Z" duration="0.011997" total="17" passed="17" failed="0" inconclusive="0" skipped="0" asserts="0">
              <properties />
              <test-suite type="TestFixture" id="1006" name="CatalogValidatorTests" fullname="CindarsHope.Tests.EditMode.Tooling.CatalogValidatorTests" classname="CindarsHope.Tests.EditMode.Tooling.CatalogValidatorTests" runstate="Runnable" testcasecount="17" result="Passed" start-time="2026-07-05 04:37:00Z" end-time="2026-07-05 04:37:00Z" duration="0.011541" total="17" passed="17" failed="0" inconclusive="0" skipped="0" asserts="0">
                <properties />
                <test-case id="1016" name="ActiveSkillToDormantFlag_IsInfo" fullname="CindarsHope.Tests.EditMode.Tooling.CatalogValidatorTests.ActiveSkillToDormantFlag_IsInfo" methodname="ActiveSkillToDormantFlag_IsInfo" classname="CindarsHope.Tests.EditMode.Tooling.CatalogValidatorTests" runstate="Runnable" seed="1738063706" result="Passed" start-time="2026-07-05 04:37:00Z" end-time="2026-07-05 04:37:00Z" duration="0.004054" asserts="0">
                  <properties>
                    <property name="retryIteration" value="0" />
                    <property name="repeatIteration" value="0" />
                  </properties>
                </test-case>
                <test-case id="1015" name="ActiveSkillToUnknownExecutor_IsError" fullname="CindarsHope.Tests.EditMode.Tooling.CatalogValidatorTests.ActiveSkillToUnknownExecutor_IsError" methodname="ActiveSkillToUnknownExecutor_IsError" classname="CindarsHope.Tests.EditMode.Tooling.CatalogValidatorTests" runstate="Runnable" seed="192236350" result="Passed" start-time="2026-07-05 04:37:00Z" end-time="2026-07-05 04:37:00Z" duration="0.000273" asserts="0">
                  <properties>
                    <property name="retryIteration" value="0" />
                    <property name="repeatIteration" value="0" />
                  </properties>
                </test-case>
                <test-case id="1017" name="ActiveSkillToValidExecutor_IsClean" fullname="CindarsHope.Tests.EditMode.Tooling.CatalogValidatorTests.ActiveSkillToValidExecutor_IsClean" methodname="ActiveSkillToValidExecutor_IsClean" classname="CindarsHope.Tests.EditMode.Tooling.CatalogValidatorTests" runstate="Runnable" seed="255256300" result="Passed" start-time="2026-07-05 04:37:00Z" end-time="2026-07-05 04:37:00Z" duration="0.000204" asserts="0">
                  <properties>
                    <property name="retryIteration" value="0" />
                    <property name="repeatIteration" value="0" />
                  </properties>
                </test-case>
                <test-case id="1022" name="CanonicalExpectations_HaveDocumentedCounts" fullname="CindarsHope.Tests.EditMode.Tooling.CatalogValidatorTests.CanonicalExpectations_HaveDocumentedCounts" methodname="CanonicalExpectations_HaveDocumentedCounts" classname="CindarsHope.Tests.EditMode.Tooling.CatalogValidatorTests" runstate="Runnable" seed="508021175" result="Passed" start-time="2026-07-05 04:37:00Z" end-time="2026-07-05 04:37:00Z" duration="0.001135" asserts="0">
                  <properties>
                    <property name="retryIteration" value="0" />
                    <property name="repeatIteration" value="0" />
                  </properties>
                </test-case>
                <test-case id="1020" name="CrossRefSkippedWhenTargetCategoryNotGenerated" fullname="CindarsHope.Tests.EditMode.Tooling.CatalogValidatorTests.CrossRefSkippedWhenTargetCategoryNotGenerated" methodname="CrossRefSkippedWhenTargetCategoryNotGenerated" classname="CindarsHope.Tests.EditMode.Tooling.CatalogValidatorTests" runstate="Runnable" seed="320110624" result="Passed" start-time="2026-07-05 04:37:00Z" end-time="2026-07-05 04:37:00Z" duration="0.000300" asserts="0">
                  <properties>
                    <property name="retryIteration" value="0" />
                    <property name="repeatIteration" value="0" />
                  </properties>
                </test-case>
                <test-case id="1018" name="DuplicateBestiaryEntryId_IsError" fullname="CindarsHope.Tests.EditMode.Tooling.CatalogValidatorTests.DuplicateBestiaryEntryId_IsError" methodname="DuplicateBestiaryEntryId_IsError" classname="CindarsHope.Tests.EditMode.Tooling.CatalogValidatorTests" runstate="Runnable" seed="1842024301" result="Passed" start-time="2026-07-05 04:37:00Z" end-time="2026-07-05 04:37:00Z" duration="0.000303" asserts="0">
                  <properties>
                    <property name="retryIteration" value="0" />
                    <property name="repeatIteration" value="0" />
                  </properties>
                </test-case>
                <test-case id="1010" name="EnemyDropToExistingItem_IsClean" fullname="CindarsHope.Tests.EditMode.Tooling.CatalogValidatorTests.EnemyDropToExistingItem_IsClean" methodname="EnemyDropToExistingItem_IsClean" classname="CindarsHope.Tests.EditMode.Tooling.CatalogValidatorTests" runstate="Runnable" seed="1742386967" result="Passed" start-time="2026-07-05 04:37:00Z" end-time="2026-07-05 04:37:00Z" duration="0.000517" asserts="0">
                  <properties>
                    <property name="retryIteration" value="0" />
                    <property name="repeatIteration" value="0" />
                  </properties>
                </test-case>
                <test-case id="1009" name="EnemyDropToMissingItem_IsError" fullname="CindarsHope.Tests.EditMode.Tooling.CatalogValidatorTests.EnemyDropToMissingItem_IsError" methodname="EnemyDropToMissingItem_IsError" classname="CindarsHope.Tests.EditMode.Tooling.CatalogValidatorTests" runstate="Runnable" seed="807123096" result="Passed" start-time="2026-07-05 04:37:00Z" end-time="2026-07-05 04:37:00Z" duration="0.000286" asserts="0">
                  <properties>
                    <property name="retryIteration" value="0" />
                    <property name="repeatIteration" value="0" />
                  </properties>
                </test-case>
                <test-case id="1023" name="FullyConsistentSnapshot_HasNoErrors" fullname="CindarsHope.Tests.EditMode.Tooling.CatalogValidatorTests.FullyConsistentSnapshot_HasNoErrors" methodname="FullyConsistentSnapshot_HasNoErrors" classname="CindarsHope.Tests.EditMode.Tooling.CatalogValidatorTests" runstate="Runnable" seed="1853535729" result="Passed" start-time="2026-07-05 04:37:00Z" end-time="2026-07-05 04:37:00Z" duration="0.000786" asserts="0">
                  <properties>
                    <property name="retryIteration" value="0" />
                    <property name="repeatIteration" value="0" />
                  </properties>
                </test-case>
                <test-case id="1007" name="MissingCanonicalId_IsError" fullname="CindarsHope.Tests.EditMode.Tooling.CatalogValidatorTests.MissingCanonicalId_IsError" methodname="MissingCanonicalId_IsError" classname="CindarsHope.Tests.EditMode.Tooling.CatalogValidatorTests" runstate="Runnable" seed="470117245" result="Passed" start-time="2026-07-05 04:37:00Z" end-time="2026-07-05 04:37:00Z" duration="0.000273" asserts="0">
                  <properties>
                    <property name="retryIteration" value="0" />
                    <property name="repeatIteration" value="0" />
                  </properties>
                </test-case>
                <test-case id="1019" name="NotGeneratedCategory_IsSkipped_NotError" fullname="CindarsHope.Tests.EditMode.Tooling.CatalogValidatorTests.NotGeneratedCategory_IsSkipped_NotError" methodname="NotGeneratedCategory_IsSkipped_NotError" classname="CindarsHope.Tests.EditMode.Tooling.CatalogValidatorTests" runstate="Runnable" seed="880105694" result="Passed" start-time="2026-07-05 04:37:00Z" end-time="2026-07-05 04:37:00Z" duration="0.000279" asserts="0">
                  <properties>
                    <property name="retryIteration" value="0" />
                    <property name="repeatIteration" value="0" />
                  </properties>
                </test-case>
                <test-case id="1021" name="PartialGeneration_IsCountWarn" fullname="CindarsHope.Tests.EditMode.Tooling.CatalogValidatorTests.PartialGeneration_IsCountWarn" methodname="PartialGeneration_IsCountWarn" classname="CindarsHope.Tests.EditMode.Tooling.CatalogValidatorTests" runstate="Runnable" seed="951300142" result="Passed" start-time="2026-07-05 04:37:00Z" end-time="2026-07-05 04:37:00Z" duration="0.000322" asserts="0">
                  <properties>
                    <property name="retryIteration" value="0" />
                    <property name="repeatIteration" value="0" />
                  </properties>
                </test-case>
                <test-case id="1011" name="QuestRewardToMissingItem_IsError" fullname="CindarsHope.Tests.EditMode.Tooling.CatalogValidatorTests.QuestRewardToMissingItem_IsError" methodname="QuestRewardToMissingItem_IsError" classname="CindarsHope.Tests.EditMode.Tooling.CatalogValidatorTests" runstate="Runnable" seed="2032747623" result="Passed" start-time="2026-07-05 04:37:00Z" end-time="2026-07-05 04:37:00Z" duration="0.000241" asserts="0">
                  <properties>
                    <property name="retryIteration" value="0" />
                    <property name="repeatIteration" value="0" />
                  </properties>
                </test-case>
                <test-case id="1012" name="QuestRewardToMissingSkill_IsError" fullname="CindarsHope.Tests.EditMode.Tooling.CatalogValidatorTests.QuestRewardToMissingSkill_IsError" methodname="QuestRewardToMissingSkill_IsError" classname="CindarsHope.Tests.EditMode.Tooling.CatalogValidatorTests" runstate="Runnable" seed="2146983221" result="Passed" start-time="2026-07-05 04:37:00Z" end-time="2026-07-05 04:37:00Z" duration="0.000215" asserts="0">
                  <properties>
                    <property name="retryIteration" value="0" />
                    <property name="repeatIteration" value="0" />
                  </properties>
                </test-case>
                <test-case id="1013" name="RecipeToMissingIngredient_IsError" fullname="CindarsHope.Tests.EditMode.Tooling.CatalogValidatorTests.RecipeToMissingIngredient_IsError" methodname="RecipeToMissingIngredient_IsError" classname="CindarsHope.Tests.EditMode.Tooling.CatalogValidatorTests" runstate="Runnable" seed="1172383687" result="Passed" start-time="2026-07-05 04:37:00Z" end-time="2026-07-05 04:37:00Z" duration="0.000221" asserts="0">
                  <properties>
                    <property name="retryIteration" value="0" />
                    <property name="repeatIteration" value="0" />
                  </properties>
                </test-case>
                <test-case id="1014" name="ShopEntryToMissingItem_IsError" fullname="CindarsHope.Tests.EditMode.Tooling.CatalogValidatorTests.ShopEntryToMissingItem_IsError" methodname="ShopEntryToMissingItem_IsError" classname="CindarsHope.Tests.EditMode.Tooling.CatalogValidatorTests" runstate="Runnable" seed="176791527" result="Passed" start-time="2026-07-05 04:37:00Z" end-time="2026-07-05 04:37:00Z" duration="0.000229" asserts="0">
                  <properties>
                    <property name="retryIteration" value="0" />
                    <property name="repeatIteration" value="0" />
                  </properties>
                </test-case>
                <test-case id="1008" name="UndocumentedAsset_IsWarn" fullname="CindarsHope.Tests.EditMode.Tooling.CatalogValidatorTests.UndocumentedAsset_IsWarn" methodname="UndocumentedAsset_IsWarn" classname="CindarsHope.Tests.EditMode.Tooling.CatalogValidatorTests" runstate="Runnable" seed="772115689" result="Passed" start-time="2026-07-05 04:37:00Z" end-time="2026-07-05 04:37:00Z" duration="0.000243" asserts="0">
                  <properties>
                    <property name="retryIteration" value="0" />
                    <property name="repeatIteration" value="0" />
                  </properties>
                </test-case>
              </test-suite>
            </test-suite>
            <test-suite type="TestSuite" id="1099" name="UI" fullname="CindarsHope.Tests.EditMode.UI" runstate="Runnable" testcasecount="3" result="Passed" start-time="2026-07-05 04:37:00Z" end-time="2026-07-05 04:37:00Z" duration="0.001172" total="3" passed="3" failed="0" inconclusive="0" skipped="0" asserts="0">
              <properties />
              <test-suite type="TestFixture" id="1001" name="HudPhaseOneTests" fullname="CindarsHope.Tests.EditMode.UI.HudPhaseOneTests" classname="CindarsHope.Tests.EditMode.UI.HudPhaseOneTests" runstate="Runnable" testcasecount="3" result="Passed" start-time="2026-07-05 04:37:00Z" end-time="2026-07-05 04:37:00Z" duration="0.000916" total="3" passed="3" failed="0" inconclusive="0" skipped="0" asserts="0">
                <properties />
                <test-suite type="ParameterizedMethod" id="1005" name="PlaceholderHudView_DoesNotRegisterAnEmptyUpdate" fullname="CindarsHope.Tests.EditMode.UI.HudPhaseOneTests.PlaceholderHudView_DoesNotRegisterAnEmptyUpdate" classname="CindarsHope.Tests.EditMode.UI.HudPhaseOneTests" runstate="Runnable" testcasecount="3" result="Passed" start-time="2026-07-05 04:37:00Z" end-time="2026-07-05 04:37:00Z" duration="0.000677" total="3" passed="3" failed="0" inconclusive="0" skipped="0" asserts="0">
                  <properties />
                  <test-case id="1002" name="PlaceholderHudView_DoesNotRegisterAnEmptyUpdate(CindarsHope.UI.HUD.Views.InteractionPromptHudView)" fullname="CindarsHope.Tests.EditMode.UI.HudPhaseOneTests.PlaceholderHudView_DoesNotRegisterAnEmptyUpdate(CindarsHope.UI.HUD.Views.InteractionPromptHudView)" methodname="PlaceholderHudView_DoesNotRegisterAnEmptyUpdate" classname="CindarsHope.Tests.EditMode.UI.HudPhaseOneTests" runstate="Runnable" seed="1508826612" result="Passed" start-time="2026-07-05 04:37:00Z" end-time="2026-07-05 04:37:00Z" duration="0.000247" asserts="0">
                    <properties>
                      <property name="retryIteration" value="0" />
                      <property name="repeatIteration" value="0" />
                    </properties>
                  </test-case>
                  <test-case id="1003" name="PlaceholderHudView_DoesNotRegisterAnEmptyUpdate(CindarsHope.UI.HUD.Views.StatusBarsHudView)" fullname="CindarsHope.Tests.EditMode.UI.HudPhaseOneTests.PlaceholderHudView_DoesNotRegisterAnEmptyUpdate(CindarsHope.UI.HUD.Views.StatusBarsHudView)" methodname="PlaceholderHudView_DoesNotRegisterAnEmptyUpdate" classname="CindarsHope.Tests.EditMode.UI.HudPhaseOneTests" runstate="Runnable" seed="1433623147" result="Passed" start-time="2026-07-05 04:37:00Z" end-time="2026-07-05 04:37:00Z" duration="0.000057" asserts="0">
                    <properties>
                      <property name="retryIteration" value="0" />
                      <property name="repeatIteration" value="0" />
                    </properties>
                  </test-case>
                  <test-case id="1004" name="PlaceholderHudView_DoesNotRegisterAnEmptyUpdate(CindarsHope.UI.HUD.Views.QuestTrackerHudView)" fullname="CindarsHope.Tests.EditMode.UI.HudPhaseOneTests.PlaceholderHudView_DoesNotRegisterAnEmptyUpdate(CindarsHope.UI.HUD.Views.QuestTrackerHudView)" methodname="PlaceholderHudView_DoesNotRegisterAnEmptyUpdate" classname="CindarsHope.Tests.EditMode.UI.HudPhaseOneTests" runstate="Runnable" seed="1893756701" result="Passed" start-time="2026-07-05 04:37:00Z" end-time="2026-07-05 04:37:00Z" duration="0.000039" asserts="0">
                    <properties>
                      <property name="retryIteration" value="0" />
                      <property name="repeatIteration" value="0" />
                    </properties>
                    <output><![CDATA[Saving results to: F:\Projetos\Jogos\Cindars_hope\cindars_hope\TestResults\modularization-phase2-full-editmode.xml
]]></output>
                  </test-case>
                </test-suite>
              </test-suite>
            </test-suite>
          </test-suite>
        </test-suite>
      </test-suite>
    </test-suite>
  </test-suite>
</test-run>