<?xml version="1.0" encoding="utf-8"?>
<test-run id="2" testcasecount="2" result="Passed" total="2" passed="2" failed="0" inconclusive="0" skipped="0" asserts="0" engine-version="3.5.0.0" clr-version="4.0.30319.42000" start-time="2026-07-05 16:37:20Z" end-time="2026-07-05 16:37:21Z" duration="0,1225817">
  <test-suite type="TestSuite" id="1000" name="Cindar's Hope" fullname="Cindar's Hope" runstate="Runnable" testcasecount="2672" result="Passed" start-time="2026-07-05 16:37:20Z" end-time="2026-07-05 16:37:21Z" duration="0.122582" total="2" passed="2" failed="0" inconclusive="0" skipped="0" asserts="0">
    <properties>
      <property name="platform" value="EditMode" />
    </properties>
    <test-suite type="Assembly" id="3901" name="CindarsHope.Tests.EditMode.dll" fullname="F:/Projetos/Jogos/Cindars_hope/cindars_hope/Library/ScriptAssemblies/CindarsHope.Tests.EditMode.dll" runstate="Runnable" testcasecount="2672" result="Passed" start-time="2026-07-05 16:37:20Z" end-time="2026-07-05 16:37:21Z" duration="0.097569" total="2" passed="2" failed="0" inconclusive="0" skipped="0" asserts="0">
      <properties>
        <property name="_PID" value="34236" />
        <property name="_APPDOMAIN" value="Unity Child Domain" />
        <property name="platform" value="EditMode" />
        <property name="EditorOnly" value="True" />
      </properties>
      <test-suite type="TestSuite" id="3902" name="CindarsHope" fullname="CindarsHope" runstate="Runnable" testcasecount="2672" result="Passed" start-time="2026-07-05 16:37:20Z" end-time="2026-07-05 16:37:21Z" duration="0.075516" total="2" passed="2" failed="0" inconclusive="0" skipped="0" asserts="0">
        <properties />
        <test-suite type="TestSuite" id="3905" name="Tests" fullname="CindarsHope.Tests" runstate="Runnable" testcasecount="2584" result="Passed" start-time="2026-07-05 16:37:20Z" end-time="2026-07-05 16:37:21Z" duration="0.055703" total="2" passed="2" failed="0" inconclusive="0" skipped="0" asserts="0">
          <properties />
          <test-suite type="TestSuite" id="3907" name="EditMode" fullname="CindarsHope.Tests.EditMode" runstate="Runnable" testcasecount="2567" result="Passed" start-time="2026-07-05 16:37:20Z" end-time="2026-07-05 16:37:21Z" duration="0.034644" total="2" passed="2" failed="0" inconclusive="0" skipped="0" asserts="0">
            <properties />
            <test-suite type="TestSuite" id="3916" name="Tooling" fullname="CindarsHope.Tests.EditMode.Tooling" runstate="Runnable" testcasecount="19" result="Passed" start-time="2026-07-05 16:37:21Z" end-time="2026-07-05 16:37:21Z" duration="0.015262" total="2" passed="2" failed="0" inconclusive="0" skipped="0" asserts="0">
              <properties />
              <test-suite type="TestFixture" id="1745" name="PlayModeStartSceneSetterTests" fullname="CindarsHope.Tests.EditMode.Tooling.PlayModeStartSceneSetterTests" classname="CindarsHope.Tests.EditMode.Tooling.PlayModeStartSceneSetterTests" runstate="Runnable" testcasecount="2" result="Passed" start-time="2026-07-05 16:37:21Z" end-time="2026-07-05 16:37:21Z" duration="0.014433" total="2" passed="2" failed="0" inconclusive="0" skipped="0" asserts="0">
                <properties />
                <test-case id="1746" name="CommandLineTestRun_IsNotOverriddenByFarmStartScene" fullname="CindarsHope.Tests.EditMode.Tooling.PlayModeStartSceneSetterTests.CommandLineTestRun_IsNotOverriddenByFarmStartScene" methodname="CommandLineTestRun_IsNotOverriddenByFarmStartScene" classname="CindarsHope.Tests.EditMode.Tooling.PlayModeStartSceneSetterTests" runstate="Runnable" seed="1744280175" result="Passed" start-time="2026-07-05 16:37:21Z" end-time="2026-07-05 16:37:21Z" duration="0.006029" asserts="0">
                  <properties>
                    <property name="retryIteration" value="0" />
                    <property name="repeatIteration" value="0" />
                  </properties>
                </test-case>
                <test-case id="1747" name="RegularEditorLaunch_KeepsConfiguredStartSceneBehavior" fullname="CindarsHope.Tests.EditMode.Tooling.PlayModeStartSceneSetterTests.RegularEditorLaunch_KeepsConfiguredStartSceneBehavior" methodname="RegularEditorLaunch_KeepsConfiguredStartSceneBehavior" classname="CindarsHope.Tests.EditMode.Tooling.PlayModeStartSceneSetterTests" runstate="Runnable" seed="1918761724" result="Passed" start-time="2026-07-05 16:37:21Z" end-time="2026-07-05 16:37:21Z" duration="0.000206" asserts="0">
                  <properties>
                    <property name="retryIteration" value="0" />
                    <property name="repeatIteration" value="0" />
                  </properties>
                  <output><![CDATA[Saving results to: F:\Projetos\Jogos\Cindars_hope\cindars_hope\TestResults\modularization-phase8-playmode-start-guard.xml
]]></output>
                </test-case>
              </test-suite>
            </test-suite>
          </test-suite>
        </test-suite>
      </test-suite>
    </test-suite>
  </test-suite>
</test-run>